###############################################################################
#                                                                             #
# IAR C/C++ Compiler V8.20.2.41139 for 8051             24/Aug/2015  16:26:30 #
# Copyright 2004-2013 IAR Systems AB.                                         #
#                                                                             #
#    Core               =  plain                                              #
#    Code model         =  banked                                             #
#    Data model         =  large                                              #
#    Calling convention =  xdata reentrant                                    #
#    Constant location  =  data_rom                                           #
#    Dptr setup         =  1,16                                               #
#                                                                             #
#    Source file        =  D:\desk\cc2530\ch5\3 new task                      #
#                          perfect\ZStack-2.5.1a\Projects\zstack\Samples\Samp #
#                          leApp\Source\1stTest\SendData.c                    #
#    Command line       =  -f "D:\desk\cc2530\ch5\3 new task                  #
#                          perfect\ZStack-2.5.1a\Projects\zstack\Samples\Samp #
#                          leApp\CC2530DB\..\..\..\Tools\CC2530DB\f8wCoord.cf #
#                          g" (-DCPU32MHZ -DROOT=__near_func                  #
#                          -DMAC_CFG_APP_PENDING_QUEUE=TRUE                   #
#                          -DMAC_CFG_TX_DATA_MAX=5 -DMAC_CFG_TX_MAX=8         #
#                          -DMAC_CFG_RX_MAX=5 -DZDO_COORDINATOR -DRTR_NWK)    #
#                          -f "D:\desk\cc2530\ch5\3 new task                  #
#                          perfect\ZStack-2.5.1a\Projects\zstack\Samples\Samp #
#                          leApp\CC2530DB\..\..\..\Tools\CC2530DB\f8wConfig.c #
#                          fg" (-DZIGBEEPRO -DSECURE=0 -DZG_SECURE_DYNAMIC=0  #
#                          -DREFLECTOR -DDEFAULT_CHANLIST=0x00000800          #
#                          -DZDAPP_CONFIG_PAN_ID=0xFFF1                       #
#                          -DNWK_START_DELAY=100 -DEXTENDED_JOINING_RANDOM_MA #
#                          SK=0x007F -DBEACON_REQUEST_DELAY=100               #
#                          -DBEACON_REQ_DELAY_MASK=0x00FF                     #
#                          -DLINK_STATUS_JITTER_MASK=0x007F                   #
#                          -DROUTE_EXPIRY_TIME=30 -DAPSC_ACK_WAIT_DURATION_PO #
#                          LLED=3000 -DNWK_INDIRECT_MSG_TIMEOUT=7             #
#                          -DMAX_RREQ_ENTRIES=8 -DAPSC_MAX_FRAME_RETRIES=3    #
#                          -DNWK_MAX_DATA_RETRIES=2                           #
#                          -DMAX_POLL_FAILURE_RETRIES=2 -DMAX_BCAST=9         #
#                          -DAPS_MAX_GROUPS=16 -DMAX_RTG_ENTRIES=40           #
#                          -DNWK_MAX_BINDING_ENTRIES=4                        #
#                          -DMAX_BINDING_CLUSTER_IDS=4 "-DDEFAULT_KEY={0x01,  #
#                          0x03, 0x05, 0x07, 0x09, 0x0B, 0x0D, 0x0F, 0x00,    #
#                          0x02, 0x04, 0x06, 0x08, 0x0A, 0x0C, 0x0D}"         #
#                          -DMAC_MAX_FRAME_SIZE=116                           #
#                          -DZDNWKMGR_MIN_TRANSMISSIONS=20 "-DCONST=const     #
#                          __code" -DGENERIC=__generic                        #
#                          -DRFD_RCVC_ALWAYS_ON=FALSE -DPOLL_RATE=1000        #
#                          -DQUEUED_POLL_RATE=100 -DRESPONSE_POLL_RATE=100)   #
#                          -DREJOIN_POLL_RATE=440 "D:\desk\cc2530\ch5\3 new   #
#                          task perfect\ZStack-2.5.1a\Projects\zstack\Samples #
#                          \SampleApp\Source\1stTest\SendData.c" -D ZTOOL_P1  #
#                          -D xMT_TASK -D xMT_SYS_FUNC -D xMT_ZDO_FUNC -D     #
#                          LCD_SUPPORTED=DEBUG -lC "D:\desk\cc2530\ch5\3 new  #
#                          task perfect\ZStack-2.5.1a\Projects\zstack\Samples #
#                          \SampleApp\CC2530DB\CoordinatorEB\List\" -lA       #
#                          "D:\desk\cc2530\ch5\3 new task                     #
#                          perfect\ZStack-2.5.1a\Projects\zstack\Samples\Samp #
#                          leApp\CC2530DB\CoordinatorEB\List\"                #
#                          --diag_suppress Pe001,Pa010 -o                     #
#                          "D:\desk\cc2530\ch5\3 new task                     #
#                          perfect\ZStack-2.5.1a\Projects\zstack\Samples\Samp #
#                          leApp\CC2530DB\CoordinatorEB\Obj\" -e              #
#                          --no_code_motion --debug --core=plain --dptr=16,1  #
#                          --data_model=large --code_model=banked             #
#                          --calling_convention=xdata_reentrant               #
#                          --place_constants=data_rom --nr_virtual_regs 16    #
#                          -I "D:\desk\cc2530\ch5\3 new task                  #
#                          perfect\ZStack-2.5.1a\Projects\zstack\Samples\Samp #
#                          leApp\CC2530DB\" -I "D:\desk\cc2530\ch5\3 new      #
#                          task perfect\ZStack-2.5.1a\Projects\zstack\Samples #
#                          \SampleApp\CC2530DB\..\Source\" -I                 #
#                          "D:\desk\cc2530\ch5\3 new task                     #
#                          perfect\ZStack-2.5.1a\Projects\zstack\Samples\Samp #
#                          leApp\CC2530DB\..\..\..\ZMain\TI2530DB\" -I        #
#                          "D:\desk\cc2530\ch5\3 new task                     #
#                          perfect\ZStack-2.5.1a\Projects\zstack\Samples\Samp #
#                          leApp\CC2530DB\..\..\..\..\..\Components\hal\inclu #
#                          de\" -I "D:\desk\cc2530\ch5\3 new task             #
#                          perfect\ZStack-2.5.1a\Projects\zstack\Samples\Samp #
#                          leApp\CC2530DB\..\..\..\..\..\Components\hal\targe #
#                          t\CC2530EB\" -I "D:\desk\cc2530\ch5\3 new task     #
#                          perfect\ZStack-2.5.1a\Projects\zstack\Samples\Samp #
#                          leApp\CC2530DB\..\..\..\..\..\Components\mac\inclu #
#                          de\" -I "D:\desk\cc2530\ch5\3 new task             #
#                          perfect\ZStack-2.5.1a\Projects\zstack\Samples\Samp #
#                          leApp\CC2530DB\..\..\..\..\..\Components\mac\high_ #
#                          level\" -I "D:\desk\cc2530\ch5\3 new task          #
#                          perfect\ZStack-2.5.1a\Projects\zstack\Samples\Samp #
#                          leApp\CC2530DB\..\..\..\..\..\Components\mac\low_l #
#                          evel\srf04\" -I "D:\desk\cc2530\ch5\3 new task     #
#                          perfect\ZStack-2.5.1a\Projects\zstack\Samples\Samp #
#                          leApp\CC2530DB\..\..\..\..\..\Components\mac\low_l #
#                          evel\srf04\single_chip\" -I "D:\desk\cc2530\ch5\3  #
#                          new task perfect\ZStack-2.5.1a\Projects\zstack\Sam #
#                          ples\SampleApp\CC2530DB\..\..\..\..\..\Components\ #
#                          mt\" -I "D:\desk\cc2530\ch5\3 new task             #
#                          perfect\ZStack-2.5.1a\Projects\zstack\Samples\Samp #
#                          leApp\CC2530DB\..\..\..\..\..\Components\osal\incl #
#                          ude\" -I "D:\desk\cc2530\ch5\3 new task            #
#                          perfect\ZStack-2.5.1a\Projects\zstack\Samples\Samp #
#                          leApp\CC2530DB\..\..\..\..\..\Components\services\ #
#                          saddr\" -I "D:\desk\cc2530\ch5\3 new task          #
#                          perfect\ZStack-2.5.1a\Projects\zstack\Samples\Samp #
#                          leApp\CC2530DB\..\..\..\..\..\Components\services\ #
#                          sdata\" -I "D:\desk\cc2530\ch5\3 new task          #
#                          perfect\ZStack-2.5.1a\Projects\zstack\Samples\Samp #
#                          leApp\CC2530DB\..\..\..\..\..\Components\stack\af\ #
#                          " -I "D:\desk\cc2530\ch5\3 new task                #
#                          perfect\ZStack-2.5.1a\Projects\zstack\Samples\Samp #
#                          leApp\CC2530DB\..\..\..\..\..\Components\stack\nwk #
#                          \" -I "D:\desk\cc2530\ch5\3 new task               #
#                          perfect\ZStack-2.5.1a\Projects\zstack\Samples\Samp #
#                          leApp\CC2530DB\..\..\..\..\..\Components\stack\sap #
#                          i\" -I "D:\desk\cc2530\ch5\3 new task              #
#                          perfect\ZStack-2.5.1a\Projects\zstack\Samples\Samp #
#                          leApp\CC2530DB\..\..\..\..\..\Components\stack\sec #
#                          \" -I "D:\desk\cc2530\ch5\3 new task               #
#                          perfect\ZStack-2.5.1a\Projects\zstack\Samples\Samp #
#                          leApp\CC2530DB\..\..\..\..\..\Components\stack\sys #
#                          \" -I "D:\desk\cc2530\ch5\3 new task               #
#                          perfect\ZStack-2.5.1a\Projects\zstack\Samples\Samp #
#                          leApp\CC2530DB\..\..\..\..\..\Components\stack\zdo #
#                          \" -I "D:\desk\cc2530\ch5\3 new task               #
#                          perfect\ZStack-2.5.1a\Projects\zstack\Samples\Samp #
#                          leApp\CC2530DB\..\..\..\..\..\Components\zmac\"    #
#                          -I "D:\desk\cc2530\ch5\3 new task                  #
#                          perfect\ZStack-2.5.1a\Projects\zstack\Samples\Samp #
#                          leApp\CC2530DB\..\..\..\..\..\Components\zmac\f8w\ #
#                          " -Ohz --require_prototypes                        #
#    List file          =  D:\desk\cc2530\ch5\3 new task                      #
#                          perfect\ZStack-2.5.1a\Projects\zstack\Samples\Samp #
#                          leApp\CC2530DB\CoordinatorEB\List\SendData.lst     #
#    Object file        =  D:\desk\cc2530\ch5\3 new task                      #
#                          perfect\ZStack-2.5.1a\Projects\zstack\Samples\Samp #
#                          leApp\CC2530DB\CoordinatorEB\Obj\SendData.r51      #
#                                                                             #
#                                                                             #
###############################################################################

D:\desk\cc2530\ch5\3 new task perfect\ZStack-2.5.1a\Projects\zstack\Samples\SampleApp\Source\1stTest\SendData.c
      1          #include "Sensor.h"

   \                                 In  segment XDATA_Z, align 1, keep-with-next
      2          unsigned char SensorsData[14] = {0};
   \                     SensorsData:
   \   000000                DS 14
   \   00000E                REQUIRE __INIT_XDATA_Z
      3          

   \                                 In  segment BANKED_CODE, align 1, keep-with-next
      4          void SendData(unsigned int i, unsigned char Data)
   \                     SendData:
      5          { 
   \   000000   C082         PUSH    DPL
   \   000002   C083         PUSH    DPH
   \   000004                ; Saved register size: 2
   \   000004                ; Auto size: 0
      6            SensorsData[i] = Data;
   \   000004   12....       LCALL   ?Subroutine1 & 0xFFFF
   \                     ??CrossCallReturnLabel_0:
   \   000007   E9           MOV     A,R1
   \   000008   F0           MOVX    @DPTR,A
      7          }
   \   000009                REQUIRE ?Subroutine0
   \   000009                ; // Fall through to label ?Subroutine0

   \                                 In  segment BANKED_CODE, align 1, keep-with-next
   \                     ?Subroutine0:
   \   000000   D083         POP     DPH
   \   000002   D082         POP     DPL
   \   000004   02....       LJMP    ?BRET

   \                                 In  segment BANKED_CODE, align 1, keep-with-next
   \                     ?Subroutine1:
   \   000000   74..         MOV     A,#SensorsData & 0xff
   \   000002   2A           ADD     A,R2
   \   000003   F582         MOV     DPL,A
   \   000005   74..         MOV     A,#(SensorsData >> 8) & 0xff
   \   000007   3B           ADDC    A,R3
   \   000008   F583         MOV     DPH,A
   \   00000A   22           RET
      8          
      9          

   \                                 In  segment BANKED_CODE, align 1, keep-with-next
     10          unsigned char ReadData(unsigned int i)
   \                     ReadData:
     11          {
   \   000000   C082         PUSH    DPL
   \   000002   C083         PUSH    DPH
   \   000004                ; Saved register size: 2
   \   000004                ; Auto size: 0
     12            return SensorsData[i];
   \   000004   12....       LCALL   ?Subroutine1 & 0xFFFF
   \                     ??CrossCallReturnLabel_1:
   \   000007   E0           MOVX    A,@DPTR
   \   000008   F9           MOV     R1,A
   \   000009   80..         SJMP    ?Subroutine0
     13          }

   \                                 In  segment BANK_RELAYS, align 1
   \                     ??SendData?relay:
   \   000000   12....       LCALL   ?BDISPATCH
   \   000003   ......       DC24    SendData

   \                                 In  segment BANK_RELAYS, align 1
   \                     ??ReadData?relay:
   \   000000   12....       LCALL   ?BDISPATCH
   \   000003   ......       DC24    ReadData
     14          
     15          /*
     16            for(i=0;i<13;i++)
     17          {
     18            buffer[i]=ReadData(i);
     19          }
     20          */

   Maximum stack usage in bytes:

   ISTACK PSTACK XSTACK Function
   ------ ------ ------ --------
       2      0      0  ReadData
       3      0      0  SendData


   Segment part sizes:

   Bytes  Function/Label
   -----  --------------
       6  ??ReadData?relay
       6  ??SendData?relay
       7  ?Subroutine0
      11  ?Subroutine1
      11  ReadData
       9  SendData
      14  SensorsData

 
 38 bytes in segment BANKED_CODE
 12 bytes in segment BANK_RELAYS
 14 bytes in segment XDATA_Z
 
 50 bytes of CODE  memory
 14 bytes of XDATA memory

Errors: none
Warnings: none
